-------------------- Asymptotic --------------------
/bin/sh: unsetenv: command not found
/bin/sh: setenv: command not found
/bin/sh: setenv: command not found
/bin/sh: setenv: command not found
>>> including systematics
>>> method used to compute upper limit is Asymptotic
>>> Using OpenSSL to get a really random seed 
>>> Used OpenSSL to get a really random seed 406856449
Computing limit starting from observation
Will compute expected limit(s) using minimizer Minuit2 with strategy 0 and tolerance 0.01
Median for expected limits: 0.204102
Sigma  for expected limits: 0.104135

 -- Asymptotic -- 
Expected  2.5%: r < 0.0965
Expected 16.0%: r < 0.1356
Expected 50.0%: r < 0.2041
Expected 84.0%: r < 0.3172
Expected 97.5%: r < 0.4760

Done in 0.00 min (cpu), 0.00 min (real)
