-------------------- Asymptotic --------------------
/bin/sh: unsetenv: command not found
/bin/sh: setenv: command not found
/bin/sh: setenv: command not found
/bin/sh: setenv: command not found
>>> including systematics
>>> method used to compute upper limit is Asymptotic
>>> Using OpenSSL to get a really random seed 
>>> Used OpenSSL to get a really random seed 1231959245
Computing limit starting from observation
Will compute expected limit(s) using minimizer Minuit2 with strategy 0 and tolerance 0.01
Median for expected limits: 2.96094
Sigma  for expected limits: 1.51071

 -- Asymptotic -- 
Expected  2.5%: r < 1.3475
Expected 16.0%: r < 1.9210
Expected 50.0%: r < 2.9609
Expected 84.0%: r < 4.7313
Expected 97.5%: r < 7.2347

Done in 0.00 min (cpu), 0.00 min (real)
