-------------------- Asymptotic --------------------
/bin/sh: unsetenv: command not found
/bin/sh: setenv: command not found
/bin/sh: setenv: command not found
/bin/sh: setenv: command not found
>>> including systematics
>>> method used to compute upper limit is Asymptotic
>>> Using OpenSSL to get a really random seed 
>>> Used OpenSSL to get a really random seed -1723508924
Computing limit starting from observation
Will compute expected limit(s) using minimizer Minuit2 with strategy 0 and tolerance 0.01
Median for expected limits: 2.64844
Sigma  for expected limits: 1.35127

 -- Asymptotic -- 
Expected  2.5%: r < 1.1949
Expected 16.0%: r < 1.7116
Expected 50.0%: r < 2.6484
Expected 84.0%: r < 4.2320
Expected 97.5%: r < 6.5309

Done in 0.00 min (cpu), 0.00 min (real)
