-------------------- Asymptotic --------------------
/bin/sh: unsetenv: command not found
/bin/sh: setenv: command not found
/bin/sh: setenv: command not found
/bin/sh: setenv: command not found
>>> including systematics
>>> method used to compute upper limit is Asymptotic
>>> Using OpenSSL to get a really random seed 
>>> Used OpenSSL to get a really random seed 934090208
Computing limit starting from observation
Will compute expected limit(s) using minimizer Minuit2 with strategy 0 and tolerance 0.01
[#0] ERROR:Eval -- RooAbsReal::logEvalError(model_s) evaluation error, 
 origin       : RooProdPdf::model_s[ modelObs_s * nuisancePdf ]
 message      : getLogVal() top-level p.d.f evaluates to zero
 server values: !pdfs=(modelObs_s = 0/1,nuisancePdf = 0.999995)
Median for expected limits: 0.0415039
Sigma  for expected limits: 0.0211759

 -- Asymptotic -- 
Expected  2.5%: r < 0.0191
Expected 16.0%: r < 0.0272
Expected 50.0%: r < 0.0415
Expected 84.0%: r < 0.0647
Expected 97.5%: r < 0.0978

Done in 0.00 min (cpu), 0.00 min (real)
