-------------------- Asymptotic --------------------
/bin/sh: unsetenv: command not found
/bin/sh: setenv: command not found
/bin/sh: setenv: command not found
/bin/sh: setenv: command not found
>>> including systematics
>>> method used to compute upper limit is Asymptotic
>>> Using OpenSSL to get a really random seed 
>>> Used OpenSSL to get a really random seed -317497641
Computing limit starting from observation
Will compute expected limit(s) using minimizer Minuit2 with strategy 0 and tolerance 0.01
Median for expected limits: 3.20312
Sigma  for expected limits: 1.63428

 -- Asymptotic -- 
Expected  2.5%: r < 1.4577
Expected 16.0%: r < 2.0781
Expected 50.0%: r < 3.2031
Expected 84.0%: r < 5.1183
Expected 97.5%: r < 7.8987

Done in 0.00 min (cpu), 0.00 min (real)
