-------------------- Asymptotic --------------------
/bin/sh: unsetenv: command not found
/bin/sh: setenv: command not found
/bin/sh: setenv: command not found
/bin/sh: setenv: command not found
>>> including systematics
>>> method used to compute upper limit is Asymptotic
>>> Using OpenSSL to get a really random seed 
>>> Used OpenSSL to get a really random seed 1789198218
Computing limit starting from observation
Will compute expected limit(s) using minimizer Minuit2 with strategy 0 and tolerance 0.01
Median for expected limits: 6.28125
Sigma  for expected limits: 3.20478

 -- Asymptotic -- 
Expected  2.5%: r < 2.8585
Expected 16.0%: r < 4.0752
Expected 50.0%: r < 6.2812
Expected 84.0%: r < 9.8616
Expected 97.5%: r < 15.1306

Done in 0.00 min (cpu), 0.00 min (real)
