-------------------- Asymptotic --------------------
/bin/sh: unsetenv: command not found
/bin/sh: setenv: command not found
/bin/sh: setenv: command not found
/bin/sh: setenv: command not found
>>> including systematics
>>> method used to compute upper limit is Asymptotic
>>> Using OpenSSL to get a really random seed 
>>> Used OpenSSL to get a really random seed 1719667698
Computing limit starting from observation
Will compute expected limit(s) using minimizer Minuit2 with strategy 0 and tolerance 0.01
Median for expected limits: 1.50391
Sigma  for expected limits: 0.767313

 -- Asymptotic -- 
Expected  2.5%: r < 0.6609
Expected 16.0%: r < 0.9606
Expected 50.0%: r < 1.5039
Expected 84.0%: r < 2.4511
Expected 97.5%: r < 3.8934

Done in 0.00 min (cpu), 0.00 min (real)
