-------------------- Asymptotic --------------------
/bin/sh: unsetenv: command not found
/bin/sh: setenv: command not found
/bin/sh: setenv: command not found
/bin/sh: setenv: command not found
>>> including systematics
>>> method used to compute upper limit is Asymptotic
>>> Using OpenSSL to get a really random seed 
>>> Used OpenSSL to get a really random seed 1039709140
Computing limit starting from observation
Will compute expected limit(s) using minimizer Minuit2 with strategy 0 and tolerance 0.01
Median for expected limits: 2.57031
Sigma  for expected limits: 1.31141

 -- Asymptotic -- 
Expected  2.5%: r < 1.1597
Expected 16.0%: r < 1.6611
Expected 50.0%: r < 2.5703
Expected 84.0%: r < 4.1071
Expected 97.5%: r < 6.3672

Done in 0.00 min (cpu), 0.00 min (real)
