-------------------- Asymptotic --------------------
/bin/sh: unsetenv: command not found
/bin/sh: setenv: command not found
/bin/sh: setenv: command not found
/bin/sh: setenv: command not found
>>> including systematics
>>> method used to compute upper limit is Asymptotic
>>> Using OpenSSL to get a really random seed 
>>> Used OpenSSL to get a really random seed 585427149
Computing limit starting from observation
Will compute expected limit(s) using minimizer Minuit2 with strategy 0 and tolerance 0.01
Median for expected limits: 7.65625
Sigma  for expected limits: 3.90632

 -- Asymptotic -- 
Expected  2.5%: r < 3.5141
Expected 16.0%: r < 5.0189
Expected 50.0%: r < 7.6562
Expected 84.0%: r < 12.0814
Expected 97.5%: r < 18.4690

Done in 0.00 min (cpu), 0.00 min (real)
