-------------------- Asymptotic --------------------
/bin/sh: unsetenv: command not found
/bin/sh: setenv: command not found
/bin/sh: setenv: command not found
/bin/sh: setenv: command not found
>>> including systematics
>>> method used to compute upper limit is Asymptotic
>>> Using OpenSSL to get a really random seed 
>>> Used OpenSSL to get a really random seed 744978988
Computing limit starting from observation
Will compute expected limit(s) using minimizer Minuit2 with strategy 0 and tolerance 0.01
Median for expected limits: 1.29688
Sigma  for expected limits: 0.661683

 -- Asymptotic -- 
Expected  2.5%: r < 0.5902
Expected 16.0%: r < 0.8469
Expected 50.0%: r < 1.2969
Expected 84.0%: r < 2.0568
Expected 97.5%: r < 3.1623

Done in 0.00 min (cpu), 0.00 min (real)
