-------------------- Asymptotic --------------------
/bin/sh: unsetenv: command not found
/bin/sh: setenv: command not found
/bin/sh: setenv: command not found
/bin/sh: setenv: command not found
>>> including systematics
>>> method used to compute upper limit is Asymptotic
>>> Using OpenSSL to get a really random seed 
>>> Used OpenSSL to get a really random seed 1694684445
Computing limit starting from observation
Will compute expected limit(s) using minimizer Minuit2 with strategy 0 and tolerance 0.01
Median for expected limits: 1.20703
Sigma  for expected limits: 0.615844

 -- Asymptotic -- 
Expected  2.5%: r < 0.5682
Expected 16.0%: r < 0.8002
Expected 50.0%: r < 1.2070
Expected 84.0%: r < 1.8662
Expected 97.5%: r < 2.8035

Done in 0.00 min (cpu), 0.00 min (real)
