-------------------- Asymptotic --------------------
/bin/sh: unsetenv: command not found
/bin/sh: setenv: command not found
/bin/sh: setenv: command not found
/bin/sh: setenv: command not found
>>> including systematics
>>> method used to compute upper limit is Asymptotic
>>> Using OpenSSL to get a really random seed 
>>> Used OpenSSL to get a really random seed 189281016
Computing limit starting from observation
Will compute expected limit(s) using minimizer Minuit2 with strategy 0 and tolerance 0.01
Median for expected limits: 4.64062
Sigma  for expected limits: 2.36771

 -- Asymptotic -- 
Expected  2.5%: r < 2.1118
Expected 16.0%: r < 3.0107
Expected 50.0%: r < 4.6406
Expected 84.0%: r < 7.4153
Expected 97.5%: r < 11.3388

Done in 0.00 min (cpu), 0.00 min (real)
