-------------------- Asymptotic --------------------
/bin/sh: unsetenv: command not found
/bin/sh: setenv: command not found
/bin/sh: setenv: command not found
/bin/sh: setenv: command not found
>>> including systematics
>>> method used to compute upper limit is Asymptotic
>>> Using OpenSSL to get a really random seed 
>>> Used OpenSSL to get a really random seed -165287323
Computing limit starting from observation
Will compute expected limit(s) using minimizer Minuit2 with strategy 0 and tolerance 0.01
Median for expected limits: 5.17188
Sigma  for expected limits: 2.63876

 -- Asymptotic -- 
Expected  2.5%: r < 2.3536
Expected 16.0%: r < 3.3664
Expected 50.0%: r < 5.1719
Expected 84.0%: r < 8.2642
Expected 97.5%: r < 12.6369

Done in 0.00 min (cpu), 0.00 min (real)
