-------------------- Asymptotic --------------------
/bin/sh: unsetenv: command not found
/bin/sh: setenv: command not found
/bin/sh: setenv: command not found
/bin/sh: setenv: command not found
>>> including systematics
>>> method used to compute upper limit is Asymptotic
>>> Using OpenSSL to get a really random seed 
>>> Used OpenSSL to get a really random seed -2213818
Computing limit starting from observation
Will compute expected limit(s) using minimizer Minuit2 with strategy 0 and tolerance 0.01
Median for expected limits: 7.28125
Sigma  for expected limits: 3.71499

 -- Asymptotic -- 
Expected  2.5%: r < 3.3704
Expected 16.0%: r < 4.7912
Expected 50.0%: r < 7.2812
Expected 84.0%: r < 11.4316
Expected 97.5%: r < 17.3721

Done in 0.00 min (cpu), 0.00 min (real)
