-------------------- Asymptotic --------------------
/bin/sh: unsetenv: command not found
/bin/sh: setenv: command not found
/bin/sh: setenv: command not found
/bin/sh: setenv: command not found
>>> including systematics
>>> method used to compute upper limit is Asymptotic
>>> Using OpenSSL to get a really random seed 
>>> Used OpenSSL to get a really random seed 664718573
Computing limit starting from observation
Will compute expected limit(s) using minimizer Minuit2 with strategy 0 and tolerance 0.01
Median for expected limits: 2.25781
Sigma  for expected limits: 1.15197

 -- Asymptotic -- 
Expected  2.5%: r < 1.0716
Expected 16.0%: r < 1.5025
Expected 50.0%: r < 2.2578
Expected 84.0%: r < 3.4728
Expected 97.5%: r < 5.1560

Done in 0.00 min (cpu), 0.00 min (real)
