-------------------- Asymptotic --------------------
/bin/sh: unsetenv: command not found
/bin/sh: setenv: command not found
/bin/sh: setenv: command not found
/bin/sh: setenv: command not found
>>> including systematics
>>> method used to compute upper limit is Asymptotic
>>> Using OpenSSL to get a really random seed 
>>> Used OpenSSL to get a really random seed -1624621850
Computing limit starting from observation
Will compute expected limit(s) using minimizer Minuit2 with strategy 0 and tolerance 0.01
Median for expected limits: 1.30469
Sigma  for expected limits: 0.665669

 -- Asymptotic -- 
Expected  2.5%: r < 0.5937
Expected 16.0%: r < 0.8465
Expected 50.0%: r < 1.3047
Expected 84.0%: r < 2.0692
Expected 97.5%: r < 3.1814

Done in 0.00 min (cpu), 0.00 min (real)
