-------------------- Asymptotic --------------------
/bin/sh: unsetenv: command not found
/bin/sh: setenv: command not found
/bin/sh: setenv: command not found
/bin/sh: setenv: command not found
>>> including systematics
>>> method used to compute upper limit is Asymptotic
>>> Using OpenSSL to get a really random seed 
>>> Used OpenSSL to get a really random seed -1519912683
Computing limit starting from observation
Will compute expected limit(s) using minimizer Minuit2 with strategy 0 and tolerance 0.01
Median for expected limits: 2.91406
Sigma  for expected limits: 1.48679

 -- Asymptotic -- 
Expected  2.5%: r < 1.2920
Expected 16.0%: r < 1.8686
Expected 50.0%: r < 2.9141
Expected 84.0%: r < 4.7493
Expected 97.5%: r < 7.4156

Done in 0.00 min (cpu), 0.00 min (real)
