-------------------- Asymptotic --------------------
/bin/sh: unsetenv: command not found
/bin/sh: setenv: command not found
/bin/sh: setenv: command not found
/bin/sh: setenv: command not found
>>> including systematics
>>> method used to compute upper limit is Asymptotic
>>> Using OpenSSL to get a really random seed 
>>> Used OpenSSL to get a really random seed 2047457461
Computing limit starting from observation
Will compute expected limit(s) using minimizer Minuit2 with strategy 0 and tolerance 0.01
Median for expected limits: 2.03906
Sigma  for expected limits: 1.04036

 -- Asymptotic -- 
Expected  2.5%: r < 0.9757
Expected 16.0%: r < 1.3620
Expected 50.0%: r < 2.0391
Expected 84.0%: r < 3.1526
Expected 97.5%: r < 4.7122

Done in 0.00 min (cpu), 0.00 min (real)
