-------------------- Asymptotic --------------------
/bin/sh: unsetenv: command not found
/bin/sh: setenv: command not found
/bin/sh: setenv: command not found
/bin/sh: setenv: command not found
>>> including systematics
>>> method used to compute upper limit is Asymptotic
>>> Using OpenSSL to get a really random seed 
>>> Used OpenSSL to get a really random seed -1354112084
Computing limit starting from observation
Will compute expected limit(s) using minimizer Minuit2 with strategy 0 and tolerance 0.01
Median for expected limits: 4.82812
Sigma  for expected limits: 2.46337

 -- Asymptotic -- 
Expected  2.5%: r < 2.3481
Expected 16.0%: r < 3.2587
Expected 50.0%: r < 4.8281
Expected 84.0%: r < 7.3107
Expected 97.5%: r < 10.7946

Done in 0.00 min (cpu), 0.00 min (real)
