-------------------- Asymptotic --------------------
/bin/sh: unsetenv: command not found
/bin/sh: setenv: command not found
/bin/sh: setenv: command not found
/bin/sh: setenv: command not found
>>> including systematics
>>> method used to compute upper limit is Asymptotic
>>> Using OpenSSL to get a really random seed 
>>> Used OpenSSL to get a really random seed -814719184
Computing limit starting from observation
Will compute expected limit(s) using minimizer Minuit2 with strategy 0 and tolerance 0.01
Median for expected limits: 2.53906
Sigma  for expected limits: 1.29546

 -- Asymptotic -- 
Expected  2.5%: r < 1.1803
Expected 16.0%: r < 1.6739
Expected 50.0%: r < 2.5391
Expected 84.0%: r < 3.9863
Expected 97.5%: r < 6.0579

Done in 0.00 min (cpu), 0.00 min (real)
