-------------------- Asymptotic --------------------
/bin/sh: unsetenv: command not found
/bin/sh: setenv: command not found
/bin/sh: setenv: command not found
/bin/sh: setenv: command not found
>>> including systematics
>>> method used to compute upper limit is Asymptotic
>>> Using OpenSSL to get a really random seed 
>>> Used OpenSSL to get a really random seed -1362600708
Computing limit starting from observation
Will compute expected limit(s) using minimizer Minuit2 with strategy 0 and tolerance 0.01
Median for expected limits: 0.158691
Sigma  for expected limits: 0.0809665

 -- Asymptotic -- 
Expected  2.5%: r < 0.0735
Expected 16.0%: r < 0.1044
Expected 50.0%: r < 0.1587
Expected 84.0%: r < 0.2491
Expected 97.5%: r < 0.3786

Done in 0.00 min (cpu), 0.00 min (real)
