-------------------- Asymptotic --------------------
/bin/sh: unsetenv: command not found
/bin/sh: setenv: command not found
/bin/sh: setenv: command not found
/bin/sh: setenv: command not found
>>> including systematics
>>> method used to compute upper limit is Asymptotic
>>> Using OpenSSL to get a really random seed 
>>> Used OpenSSL to get a really random seed -2057237314
Computing limit starting from observation
Will compute expected limit(s) using minimizer Minuit2 with strategy 0 and tolerance 0.01
WARNING: Best fit of asimov dataset is at r = 0.200000 (0.010000 times rMax), while it should be at zero
[#0] ERROR:Eval -- RooAbsReal::logEvalError(model_s) evaluation error, 
 origin       : RooProdPdf::model_s[ modelObs_s * nuisancePdf ]
 message      : getLogVal() top-level p.d.f evaluates to zero
 server values: !pdfs=(modelObs_s = 0/1,nuisancePdf = 1)
[#0] ERROR:Eval -- RooAbsReal::logEvalError(nuisancePdf) evaluation error, 
 origin       : RooProdPdf::nuisancePdf[ effscale_Pdf * ewkxsec_Pdf * lumi_Pdf * vgscale_Electron_Pdf ]
 message      : getLogVal() top-level p.d.f evaluates to zero
 server values: !pdfs=(effscale_Pdf = nan/2.50663,ewkxsec_Pdf = nan/2.50663,lumi_Pdf = nan/2.50663,vgscale_Electron_Pdf = nan/2.50663)
[#0] ERROR:Eval -- RooAbsReal::logEvalError(nuisancePdf) evaluation error, 
 origin       : RooProdPdf::nuisancePdf[ effscale_Pdf * ewkxsec_Pdf * lumi_Pdf * vgscale_Electron_Pdf ]
 message      : getLogVal() top-level p.d.f evaluates to zero
 server values: !pdfs=(effscale_Pdf = nan/2.50663,ewkxsec_Pdf = nan/2.50663,lumi_Pdf = nan/2.50663,vgscale_Electron_Pdf = nan/2.50663)
[#0] ERROR:Eval -- RooAbsReal::logEvalError(nuisancePdf) evaluation error, 
 origin       : RooProdPdf::nuisancePdf[ effscale_Pdf * ewkxsec_Pdf * lumi_Pdf * vgscale_Electron_Pdf ]
 message      : getLogVal() top-level p.d.f evaluates to zero
 server values: !pdfs=(effscale_Pdf = nan/2.50663,ewkxsec_Pdf = nan/2.50663,lumi_Pdf = nan/2.50663,vgscale_Electron_Pdf = nan/2.50663)
[#0] ERROR:Eval -- RooAbsReal::logEvalError(nuisancePdf) evaluation error, 
 origin       : RooProdPdf::nuisancePdf[ effscale_Pdf * ewkxsec_Pdf * lumi_Pdf * vgscale_Electron_Pdf ]
 message      : getLogVal() top-level p.d.f evaluates to zero
 server values: !pdfs=(effscale_Pdf = nan/2.50663,ewkxsec_Pdf = nan/2.50663,lumi_Pdf = nan/2.50663,vgscale_Electron_Pdf = nan/2.50663)
[#0] ERROR:Eval -- RooAbsReal::logEvalError(nuisancePdf) evaluation error, 
 origin       : RooProdPdf::nuisancePdf[ effscale_Pdf * ewkxsec_Pdf * lumi_Pdf * vgscale_Electron_Pdf ]
 message      : getLogVal() top-level p.d.f evaluates to zero
 server values: !pdfs=(effscale_Pdf = nan/2.50663,ewkxsec_Pdf = nan/2.50663,lumi_Pdf = nan/2.50663,vgscale_Electron_Pdf = nan/2.50663)
[#0] ERROR:Eval -- RooAbsReal::logEvalError(nuisancePdf) evaluation error, 
 origin       : RooProdPdf::nuisancePdf[ effscale_Pdf * ewkxsec_Pdf * lumi_Pdf * vgscale_Electron_Pdf ]
 message      : getLogVal() top-level p.d.f evaluates to zero
 server values: !pdfs=(effscale_Pdf = nan/2.50663,ewkxsec_Pdf = nan/2.50663,lumi_Pdf = nan/2.50663,vgscale_Electron_Pdf = nan/2.50663)
[#0] ERROR:Eval -- RooAbsReal::logEvalError(nuisancePdf) evaluation error, 
 origin       : RooProdPdf::nuisancePdf[ effscale_Pdf * ewkxsec_Pdf * lumi_Pdf * vgscale_Electron_Pdf ]
 message      : getLogVal() top-level p.d.f evaluates to zero
 server values: !pdfs=(effscale_Pdf = nan/2.50663,ewkxsec_Pdf = nan/2.50663,lumi_Pdf = nan/2.50663,vgscale_Electron_Pdf = nan/2.50663)
[#0] ERROR:Eval -- RooAbsReal::logEvalError(nuisancePdf) evaluation error, 
 origin       : RooProdPdf::nuisancePdf[ effscale_Pdf * ewkxsec_Pdf * lumi_Pdf * vgscale_Electron_Pdf ]
 message      : getLogVal() top-level p.d.f evaluates to zero
 server values: !pdfs=(effscale_Pdf = nan/2.50663,ewkxsec_Pdf = nan/2.50663,lumi_Pdf = nan/2.50663,vgscale_Electron_Pdf = nan/2.50663)
[#0] ERROR:Eval -- RooAbsReal::logEvalError(nuisancePdf) evaluation error, 
 origin       : RooProdPdf::nuisancePdf[ effscale_Pdf * ewkxsec_Pdf * lumi_Pdf * vgscale_Electron_Pdf ]
 message      : getLogVal() top-level p.d.f evaluates to zero
 server values: !pdfs=(effscale_Pdf = nan/2.50663,ewkxsec_Pdf = nan/2.50663,lumi_Pdf = nan/2.50663,vgscale_Electron_Pdf = nan/2.50663)
[#0] ERROR:Eval -- RooAbsReal::logEvalError(nuisancePdf) evaluation error, 
 origin       : RooProdPdf::nuisancePdf[ effscale_Pdf * ewkxsec_Pdf * lumi_Pdf * vgscale_Electron_Pdf ]
 message      : getLogVal() top-level p.d.f evaluates to zero
 server values: !pdfs=(effscale_Pdf = nan/2.50663,ewkxsec_Pdf = nan/2.50663,lumi_Pdf = nan/2.50663,vgscale_Electron_Pdf = nan/2.50663)
[#0] ERROR:Eval -- RooAbsReal::logEvalError(nuisancePdf) evaluation error, 
 origin       : RooProdPdf::nuisancePdf[ effscale_Pdf * ewkxsec_Pdf * lumi_Pdf * vgscale_Electron_Pdf ]
 message      : getLogVal() top-level p.d.f evaluates to zero
 server values: !pdfs=(effscale_Pdf = nan/2.50663,ewkxsec_Pdf = nan/2.50663,lumi_Pdf = nan/2.50663,vgscale_Electron_Pdf = nan/2.50663)
Median for expected limits: 0.109863
Sigma  for expected limits: 0.0560537
[#0] ERROR:Eval -- RooAbsReal::logEvalError(nuisancePdf) evaluation error, 
 origin       : RooProdPdf::nuisancePdf[ effscale_Pdf * ewkxsec_Pdf * lumi_Pdf * vgscale_Electron_Pdf ]
 message      : getLogVal() top-level p.d.f evaluates to zero
 server values: !pdfs=(effscale_Pdf = nan/2.50663,ewkxsec_Pdf = nan/2.50663,lumi_Pdf = nan/2.50663,vgscale_Electron_Pdf = nan/2.50663)
[#0] ERROR:Eval -- RooAbsReal::logEvalError(nuisancePdf) evaluation error, 
 origin       : RooProdPdf::nuisancePdf[ effscale_Pdf * ewkxsec_Pdf * lumi_Pdf * vgscale_Electron_Pdf ]
 message      : getLogVal() top-level p.d.f evaluates to zero
 server values: !pdfs=(effscale_Pdf = nan/2.50663,ewkxsec_Pdf = nan/2.50663,lumi_Pdf = nan/2.50663,vgscale_Electron_Pdf = nan/2.50663)
[#0] ERROR:Eval -- RooAbsReal::logEvalError(nuisancePdf) evaluation error, 
 origin       : RooProdPdf::nuisancePdf[ effscale_Pdf * ewkxsec_Pdf * lumi_Pdf * vgscale_Electron_Pdf ]
 message      : getLogVal() top-level p.d.f evaluates to zero
 server values: !pdfs=(effscale_Pdf = nan/2.50663,ewkxsec_Pdf = nan/2.50663,lumi_Pdf = nan/2.50663,vgscale_Electron_Pdf = nan/2.50663)
[#0] ERROR:Eval -- RooAbsReal::logEvalError(nuisancePdf) evaluation error, 
 origin       : RooProdPdf::nuisancePdf[ effscale_Pdf * ewkxsec_Pdf * lumi_Pdf * vgscale_Electron_Pdf ]
 message      : getLogVal() top-level p.d.f evaluates to zero
 server values: !pdfs=(effscale_Pdf = nan/2.50663,ewkxsec_Pdf = nan/2.50663,lumi_Pdf = nan/2.50663,vgscale_Electron_Pdf = nan/2.50663)
[#0] ERROR:Eval -- RooAbsReal::logEvalError(nuisancePdf) evaluation error, 
 origin       : RooProdPdf::nuisancePdf[ effscale_Pdf * ewkxsec_Pdf * lumi_Pdf * vgscale_Electron_Pdf ]
 message      : getLogVal() top-level p.d.f evaluates to zero
 server values: !pdfs=(effscale_Pdf = nan/2.50663,ewkxsec_Pdf = nan/2.50663,lumi_Pdf = nan/2.50663,vgscale_Electron_Pdf = nan/2.50663)
[#0] ERROR:Eval -- RooAbsReal::logEvalError(nuisancePdf) evaluation error, 
 origin       : RooProdPdf::nuisancePdf[ effscale_Pdf * ewkxsec_Pdf * lumi_Pdf * vgscale_Electron_Pdf ]
 message      : getLogVal() top-level p.d.f evaluates to zero
 server values: !pdfs=(effscale_Pdf = nan/2.50663,ewkxsec_Pdf = nan/2.50663,lumi_Pdf = nan/2.50663,vgscale_Electron_Pdf = nan/2.50663)
[#0] ERROR:Eval -- RooAbsReal::logEvalError(nuisancePdf) evaluation error, 
 origin       : RooProdPdf::nuisancePdf[ effscale_Pdf * ewkxsec_Pdf * lumi_Pdf * vgscale_Electron_Pdf ]
 message      : getLogVal() top-level p.d.f evaluates to zero
 server values: !pdfs=(effscale_Pdf = nan/2.50663,ewkxsec_Pdf = nan/2.50663,lumi_Pdf = nan/2.50663,vgscale_Electron_Pdf = nan/2.50663)
[#0] ERROR:Eval -- RooAbsReal::logEvalError(nuisancePdf) evaluation error, 
 origin       : RooProdPdf::nuisancePdf[ effscale_Pdf * ewkxsec_Pdf * lumi_Pdf * vgscale_Electron_Pdf ]
 message      : getLogVal() top-level p.d.f evaluates to zero
 server values: !pdfs=(effscale_Pdf = nan/2.50663,ewkxsec_Pdf = nan/2.50663,lumi_Pdf = nan/2.50663,vgscale_Electron_Pdf = nan/2.50663)

 -- Asymptotic -- 
Expected  2.5%: r < 0.0545
Expected 16.0%: r < 0.1094
Expected 50.0%: r < 0.1099
Expected 84.0%: r < 0.1103
Expected 97.5%: r < 0.1107

Done in 0.00 min (cpu), 0.00 min (real)
