-------------------- Asymptotic --------------------
/bin/sh: unsetenv: command not found
/bin/sh: setenv: command not found
/bin/sh: setenv: command not found
/bin/sh: setenv: command not found
>>> including systematics
>>> method used to compute upper limit is Asymptotic
>>> Using OpenSSL to get a really random seed 
>>> Used OpenSSL to get a really random seed -1454191480
Computing limit starting from observation
Will compute expected limit(s) using minimizer Minuit2 with strategy 0 and tolerance 0.01
Median for expected limits: 9.09375
Sigma  for expected limits: 4.63975

 -- Asymptotic -- 
Expected  2.5%: r < 4.2449
Expected 16.0%: r < 6.0064
Expected 50.0%: r < 9.0938
Expected 84.0%: r < 14.2772
Expected 97.5%: r < 21.4875

Done in 0.00 min (cpu), 0.00 min (real)
