-------------------- Asymptotic --------------------
/bin/sh: unsetenv: command not found
/bin/sh: setenv: command not found
/bin/sh: setenv: command not found
/bin/sh: setenv: command not found
>>> including systematics
>>> method used to compute upper limit is Asymptotic
>>> Using OpenSSL to get a really random seed 
>>> Used OpenSSL to get a really random seed 287911782
Computing limit starting from observation
Will compute expected limit(s) using minimizer Minuit2 with strategy 0 and tolerance 0.01
Median for expected limits: 3.54688
Sigma  for expected limits: 1.80966

 -- Asymptotic -- 
Expected  2.5%: r < 1.5933
Expected 16.0%: r < 2.2877
Expected 50.0%: r < 3.5469
Expected 84.0%: r < 5.6959
Expected 97.5%: r < 8.8371

Done in 0.00 min (cpu), 0.00 min (real)
