-------------------- Asymptotic --------------------
/bin/sh: unsetenv: command not found
/bin/sh: setenv: command not found
/bin/sh: setenv: command not found
/bin/sh: setenv: command not found
>>> including systematics
>>> method used to compute upper limit is Asymptotic
>>> Using OpenSSL to get a really random seed 
>>> Used OpenSSL to get a really random seed -2108971968
Computing limit starting from observation
Will compute expected limit(s) using minimizer Minuit2 with strategy 0 and tolerance 0.01
Median for expected limits: 0.412109
Sigma  for expected limits: 0.210264

 -- Asymptotic -- 
Expected  2.5%: r < 0.1988
Expected 16.0%: r < 0.2763
Expected 50.0%: r < 0.4121
Expected 84.0%: r < 0.6306
Expected 97.5%: r < 0.9346

Done in 0.00 min (cpu), 0.00 min (real)
