-------------------- Asymptotic --------------------
/bin/sh: unsetenv: command not found
/bin/sh: setenv: command not found
/bin/sh: setenv: command not found
/bin/sh: setenv: command not found
>>> including systematics
>>> method used to compute upper limit is Asymptotic
>>> Using OpenSSL to get a really random seed 
>>> Used OpenSSL to get a really random seed 761933412
Computing limit starting from observation
Will compute expected limit(s) using minimizer Minuit2 with strategy 0 and tolerance 0.01
Median for expected limits: 3.08594
Sigma  for expected limits: 1.57449

 -- Asymptotic -- 
Expected  2.5%: r < 1.3983
Expected 16.0%: r < 1.9982
Expected 50.0%: r < 3.0859
Expected 84.0%: r < 4.8941
Expected 97.5%: r < 7.5248

Done in 0.00 min (cpu), 0.00 min (real)
