-------------------- Asymptotic --------------------
/bin/sh: unsetenv: command not found
/bin/sh: setenv: command not found
/bin/sh: setenv: command not found
/bin/sh: setenv: command not found
>>> including systematics
>>> method used to compute upper limit is Asymptotic
>>> Using OpenSSL to get a really random seed 
>>> Used OpenSSL to get a really random seed 1678355820
Computing limit starting from observation
Will compute expected limit(s) using minimizer Minuit2 with strategy 0 and tolerance 0.01
Median for expected limits: 4.48438
Sigma  for expected limits: 2.28799

 -- Asymptotic -- 
Expected  2.5%: r < 2.1283
Expected 16.0%: r < 2.9842
Expected 50.0%: r < 4.4844
Expected 84.0%: r < 6.9332
Expected 97.5%: r < 10.3633

Done in 0.00 min (cpu), 0.00 min (real)
