-------------------- Asymptotic --------------------
/bin/sh: unsetenv: command not found
/bin/sh: setenv: command not found
/bin/sh: setenv: command not found
/bin/sh: setenv: command not found
>>> including systematics
>>> method used to compute upper limit is Asymptotic
>>> Using OpenSSL to get a really random seed 
>>> Used OpenSSL to get a really random seed 934116779
Computing limit starting from observation
Will compute expected limit(s) using minimizer Minuit2 with strategy 0 and tolerance 0.01
Median for expected limits: 1.78906
Sigma  for expected limits: 0.912804

 -- Asymptotic -- 
Expected  2.5%: r < 0.8491
Expected 16.0%: r < 1.1906
Expected 50.0%: r < 1.7891
Expected 84.0%: r < 2.7803
Expected 97.5%: r < 4.1726

Done in 0.00 min (cpu), 0.00 min (real)
