-------------------- Asymptotic --------------------
/bin/sh: unsetenv: command not found
/bin/sh: setenv: command not found
/bin/sh: setenv: command not found
/bin/sh: setenv: command not found
>>> including systematics
>>> method used to compute upper limit is Asymptotic
>>> Using OpenSSL to get a really random seed 
>>> Used OpenSSL to get a really random seed 1725879104
Computing limit starting from observation
Will compute expected limit(s) using minimizer Minuit2 with strategy 0 and tolerance 0.01
Median for expected limits: 0.200195
Sigma  for expected limits: 0.102142

 -- Asymptotic -- 
Expected  2.5%: r < 0.0911
Expected 16.0%: r < 0.1307
Expected 50.0%: r < 0.2002
Expected 84.0%: r < 0.3199
Expected 97.5%: r < 0.4937

Done in 0.00 min (cpu), 0.00 min (real)
