-------------------- Asymptotic --------------------
/bin/sh: unsetenv: command not found
/bin/sh: setenv: command not found
/bin/sh: setenv: command not found
/bin/sh: setenv: command not found
>>> including systematics
>>> method used to compute upper limit is Asymptotic
>>> Using OpenSSL to get a really random seed 
>>> Used OpenSSL to get a really random seed -885173019
Computing limit starting from observation
Will compute expected limit(s) using minimizer Minuit2 with strategy 0 and tolerance 0.01
Median for expected limits: 7.71875
Sigma  for expected limits: 3.93821

 -- Asymptotic -- 
Expected  2.5%: r < 3.6332
Expected 16.0%: r < 5.1174
Expected 50.0%: r < 7.7188
Expected 84.0%: r < 12.0569
Expected 97.5%: r < 18.2101

Done in 0.00 min (cpu), 0.00 min (real)
