-------------------- Asymptotic --------------------
/bin/sh: unsetenv: command not found
/bin/sh: setenv: command not found
/bin/sh: setenv: command not found
/bin/sh: setenv: command not found
>>> including systematics
>>> method used to compute upper limit is Asymptotic
>>> Using OpenSSL to get a really random seed 
>>> Used OpenSSL to get a really random seed -1544788908
Computing limit starting from observation
Will compute expected limit(s) using minimizer Minuit2 with strategy 0 and tolerance 0.01
Median for expected limits: 2.88281
Sigma  for expected limits: 1.47085

 -- Asymptotic -- 
Expected  2.5%: r < 1.2781
Expected 16.0%: r < 1.8485
Expected 50.0%: r < 2.8828
Expected 84.0%: r < 4.6984
Expected 97.5%: r < 7.3361

Done in 0.00 min (cpu), 0.00 min (real)
