-------------------- Asymptotic --------------------
/bin/sh: unsetenv: command not found
/bin/sh: setenv: command not found
/bin/sh: setenv: command not found
/bin/sh: setenv: command not found
>>> including systematics
>>> method used to compute upper limit is Asymptotic
>>> Using OpenSSL to get a really random seed 
>>> Used OpenSSL to get a really random seed 163112241
Computing limit starting from observation
Will compute expected limit(s) using minimizer Minuit2 with strategy 0 and tolerance 0.01
Median for expected limits: 4.07812
Sigma  for expected limits: 2.08071

 -- Asymptotic -- 
Expected  2.5%: r < 1.8399
Expected 16.0%: r < 2.6355
Expected 50.0%: r < 4.0781
Expected 84.0%: r < 6.5165
Expected 97.5%: r < 10.0564

Done in 0.00 min (cpu), 0.00 min (real)
