-------------------- Asymptotic --------------------
/bin/sh: unsetenv: command not found
/bin/sh: setenv: command not found
/bin/sh: setenv: command not found
/bin/sh: setenv: command not found
>>> including systematics
>>> method used to compute upper limit is Asymptotic
>>> Using OpenSSL to get a really random seed 
>>> Used OpenSSL to get a really random seed -876618378
Computing limit starting from observation
Will compute expected limit(s) using minimizer Minuit2 with strategy 0 and tolerance 0.01
Median for expected limits: 1.04297
Sigma  for expected limits: 0.532137

 -- Asymptotic -- 
Expected  2.5%: r < 0.4583
Expected 16.0%: r < 0.6616
Expected 50.0%: r < 1.0430
Expected 84.0%: r < 1.6998
Expected 97.5%: r < 2.6771

Done in 0.00 min (cpu), 0.00 min (real)
