-------------------- Asymptotic --------------------
/bin/sh: unsetenv: command not found
/bin/sh: setenv: command not found
/bin/sh: setenv: command not found
/bin/sh: setenv: command not found
>>> including systematics
>>> method used to compute upper limit is Asymptotic
>>> Using OpenSSL to get a really random seed 
>>> Used OpenSSL to get a really random seed 829371386
Computing limit starting from observation
Will compute expected limit(s) using minimizer Minuit2 with strategy 0 and tolerance 0.01
Median for expected limits: 2.05469
Sigma  for expected limits: 1.04833

 -- Asymptotic -- 
Expected  2.5%: r < 0.9431
Expected 16.0%: r < 1.3469
Expected 50.0%: r < 2.0547
Expected 84.0%: r < 3.2422
Expected 97.5%: r < 4.9565

Done in 0.00 min (cpu), 0.00 min (real)
