-------------------- Asymptotic --------------------
/bin/sh: unsetenv: command not found
/bin/sh: setenv: command not found
/bin/sh: setenv: command not found
/bin/sh: setenv: command not found
>>> including systematics
>>> method used to compute upper limit is Asymptotic
>>> Using OpenSSL to get a really random seed 
>>> Used OpenSSL to get a really random seed -1116570059
Computing limit starting from observation
Will compute expected limit(s) using minimizer Minuit2 with strategy 0 and tolerance 0.01
Median for expected limits: 0.249023
Sigma  for expected limits: 0.127055

 -- Asymptotic -- 
Expected  2.5%: r < 0.1250
Expected 16.0%: r < 0.1715
Expected 50.0%: r < 0.2490
Expected 84.0%: r < 0.3731
Expected 97.5%: r < 0.5367

Done in 0.00 min (cpu), 0.00 min (real)
