-------------------- Asymptotic --------------------
/bin/sh: unsetenv: command not found
/bin/sh: setenv: command not found
/bin/sh: setenv: command not found
/bin/sh: setenv: command not found
>>> including systematics
>>> method used to compute upper limit is Asymptotic
>>> Using OpenSSL to get a really random seed 
>>> Used OpenSSL to get a really random seed -83859039
Computing limit starting from observation
Will compute expected limit(s) using minimizer Minuit2 with strategy 0 and tolerance 0.01
Median for expected limits: 2.13281
Sigma  for expected limits: 1.08819

 -- Asymptotic -- 
Expected  2.5%: r < 0.9539
Expected 16.0%: r < 1.3730
Expected 50.0%: r < 2.1328
Expected 84.0%: r < 3.4420
Expected 97.5%: r < 5.3680

Done in 0.00 min (cpu), 0.00 min (real)
