-------------------- Asymptotic --------------------
/bin/sh: unsetenv: command not found
/bin/sh: setenv: command not found
/bin/sh: setenv: command not found
/bin/sh: setenv: command not found
>>> including systematics
>>> method used to compute upper limit is Asymptotic
>>> Using OpenSSL to get a really random seed 
>>> Used OpenSSL to get a really random seed -168077382
Computing limit starting from observation
Will compute expected limit(s) using minimizer Minuit2 with strategy 0 and tolerance 0.01
Median for expected limits: 3.45312
Sigma  for expected limits: 1.76183

 -- Asymptotic -- 
Expected  2.5%: r < 1.5445
Expected 16.0%: r < 2.2229
Expected 50.0%: r < 3.4531
Expected 84.0%: r < 5.5728
Expected 97.5%: r < 8.6141

Done in 0.00 min (cpu), 0.00 min (real)
