-------------------- Asymptotic --------------------
/bin/sh: unsetenv: command not found
/bin/sh: setenv: command not found
/bin/sh: setenv: command not found
/bin/sh: setenv: command not found
>>> including systematics
>>> method used to compute upper limit is Asymptotic
>>> Using OpenSSL to get a really random seed 
>>> Used OpenSSL to get a really random seed 404681980
Computing limit starting from observation
Will compute expected limit(s) using minimizer Minuit2 with strategy 0 and tolerance 0.01
Median for expected limits: 9.96875
Sigma  for expected limits: 5.08619

 -- Asymptotic -- 
Expected  2.5%: r < 4.6729
Expected 16.0%: r < 6.5968
Expected 50.0%: r < 9.9688
Expected 84.0%: r < 15.5715
Expected 97.5%: r < 23.5184

Done in 0.00 min (cpu), 0.00 min (real)
