-------------------- Asymptotic --------------------
/bin/sh: unsetenv: command not found
/bin/sh: setenv: command not found
/bin/sh: setenv: command not found
/bin/sh: setenv: command not found
>>> including systematics
>>> method used to compute upper limit is Asymptotic
>>> Using OpenSSL to get a really random seed 
>>> Used OpenSSL to get a really random seed 1895052179
Computing limit starting from observation
Will compute expected limit(s) using minimizer Minuit2 with strategy 0 and tolerance 0.01
Median for expected limits: 3.14062
Sigma  for expected limits: 1.60239

 -- Asymptotic -- 
Expected  2.5%: r < 1.4538
Expected 16.0%: r < 2.0666
Expected 50.0%: r < 3.1406
Expected 84.0%: r < 4.9558
Expected 97.5%: r < 7.5043

Done in 0.00 min (cpu), 0.00 min (real)
