-------------------- Asymptotic --------------------
/bin/sh: unsetenv: command not found
/bin/sh: setenv: command not found
/bin/sh: setenv: command not found
/bin/sh: setenv: command not found
>>> including systematics
>>> method used to compute upper limit is Asymptotic
>>> Using OpenSSL to get a really random seed 
>>> Used OpenSSL to get a really random seed 1289871752
Computing limit starting from observation
Will compute expected limit(s) using minimizer Minuit2 with strategy 0 and tolerance 0.01
Median for expected limits: 0.669922
Sigma  for expected limits: 0.341803

 -- Asymptotic -- 
Expected  2.5%: r < 0.3206
Expected 16.0%: r < 0.4475
Expected 50.0%: r < 0.6699
Expected 84.0%: r < 1.0358
Expected 97.5%: r < 1.5482

Done in 0.00 min (cpu), 0.00 min (real)
