-------------------- Asymptotic --------------------
/bin/sh: unsetenv: command not found
/bin/sh: setenv: command not found
/bin/sh: setenv: command not found
/bin/sh: setenv: command not found
>>> including systematics
>>> method used to compute upper limit is Asymptotic
>>> Using OpenSSL to get a really random seed 
>>> Used OpenSSL to get a really random seed -905766132
Computing limit starting from observation
Will compute expected limit(s) using minimizer Minuit2 with strategy 0 and tolerance 0.01
Median for expected limits: 6.53125
Sigma  for expected limits: 3.33233

 -- Asymptotic -- 
Expected  2.5%: r < 3.0743
Expected 16.0%: r < 4.3301
Expected 50.0%: r < 6.5312
Expected 84.0%: r < 10.2020
Expected 97.5%: r < 15.2577

Done in 0.00 min (cpu), 0.00 min (real)
