-------------------- Asymptotic --------------------
/bin/sh: unsetenv: command not found
/bin/sh: setenv: command not found
/bin/sh: setenv: command not found
/bin/sh: setenv: command not found
>>> including systematics
>>> method used to compute upper limit is Asymptotic
>>> Using OpenSSL to get a really random seed 
>>> Used OpenSSL to get a really random seed 538137399
Computing limit starting from observation
Will compute expected limit(s) using minimizer Minuit2 with strategy 0 and tolerance 0.01
Median for expected limits: 2.16406
Sigma  for expected limits: 1.10413

 -- Asymptotic -- 
Expected  2.5%: r < 0.9679
Expected 16.0%: r < 1.3978
Expected 50.0%: r < 2.1641
Expected 84.0%: r < 3.4925
Expected 97.5%: r < 5.4467

Done in 0.00 min (cpu), 0.00 min (real)
