-------------------- Asymptotic --------------------
/bin/sh: unsetenv: command not found
/bin/sh: setenv: command not found
/bin/sh: setenv: command not found
/bin/sh: setenv: command not found
>>> including systematics
>>> method used to compute upper limit is Asymptotic
>>> Using OpenSSL to get a really random seed 
>>> Used OpenSSL to get a really random seed -718761485
Computing limit starting from observation
Will compute expected limit(s) using minimizer Minuit2 with strategy 0 and tolerance 0.01
Median for expected limits: 0.109863
Sigma  for expected limits: 0.0560537

 -- Asymptotic -- 
Expected  2.5%: r < 0.0494
Expected 16.0%: r < 0.0706
Expected 50.0%: r < 0.1099
Expected 84.0%: r < 0.1773
Expected 97.5%: r < 0.2741

Done in 0.00 min (cpu), 0.00 min (real)
