-------------------- Asymptotic --------------------
/bin/sh: unsetenv: command not found
/bin/sh: setenv: command not found
/bin/sh: setenv: command not found
/bin/sh: setenv: command not found
>>> including systematics
>>> method used to compute upper limit is Asymptotic
>>> Using OpenSSL to get a really random seed 
>>> Used OpenSSL to get a really random seed -1294261100
Computing limit starting from observation
Will compute expected limit(s) using minimizer Minuit2 with strategy 0 and tolerance 0.01
Median for expected limits: 10.8438
Sigma  for expected limits: 5.53263

 -- Asymptotic -- 
Expected  2.5%: r < 4.9983
Expected 16.0%: r < 7.0990
Expected 50.0%: r < 10.8438
Expected 84.0%: r < 17.0247
Expected 97.5%: r < 25.8717

Done in 0.00 min (cpu), 0.00 min (real)
