-------------------- Asymptotic --------------------
/bin/sh: unsetenv: command not found
/bin/sh: setenv: command not found
/bin/sh: setenv: command not found
/bin/sh: setenv: command not found
>>> including systematics
>>> method used to compute upper limit is Asymptotic
>>> Using OpenSSL to get a really random seed 
>>> Used OpenSSL to get a really random seed 29918251
Computing limit starting from observation
Will compute expected limit(s) using minimizer Minuit2 with strategy 0 and tolerance 0.01
Median for expected limits: 9.84375
Sigma  for expected limits: 5.02241

 -- Asymptotic -- 
Expected  2.5%: r < 4.5950
Expected 16.0%: r < 6.4813
Expected 50.0%: r < 9.8438
Expected 84.0%: r < 15.2978
Expected 97.5%: r < 23.1873

Done in 0.00 min (cpu), 0.00 min (real)
