-------------------- Asymptotic --------------------
/bin/sh: unsetenv: command not found
/bin/sh: setenv: command not found
/bin/sh: setenv: command not found
/bin/sh: setenv: command not found
>>> including systematics
>>> method used to compute upper limit is Asymptotic
>>> Using OpenSSL to get a really random seed 
>>> Used OpenSSL to get a really random seed 1894225990
Computing limit starting from observation
Will compute expected limit(s) using minimizer Minuit2 with strategy 0 and tolerance 0.01
Median for expected limits: 1.30078
Sigma  for expected limits: 0.663676

 -- Asymptotic -- 
Expected  2.5%: r < 0.5767
Expected 16.0%: r < 0.8341
Expected 50.0%: r < 1.3008
Expected 84.0%: r < 2.0993
Expected 97.5%: r < 3.3029

Done in 0.00 min (cpu), 0.00 min (real)
