-------------------- Asymptotic --------------------
/bin/sh: unsetenv: command not found
/bin/sh: setenv: command not found
/bin/sh: setenv: command not found
/bin/sh: setenv: command not found
>>> including systematics
>>> method used to compute upper limit is Asymptotic
>>> Using OpenSSL to get a really random seed 
>>> Used OpenSSL to get a really random seed -875355357
Computing limit starting from observation
Will compute expected limit(s) using minimizer Minuit2 with strategy 0 and tolerance 0.01
Median for expected limits: 3.39062
Sigma  for expected limits: 1.72994

 -- Asymptotic -- 
Expected  2.5%: r < 1.5562
Expected 16.0%: r < 2.2083
Expected 50.0%: r < 3.3906
Expected 84.0%: r < 5.3774
Expected 97.5%: r < 8.2678

Done in 0.00 min (cpu), 0.00 min (real)
